/home/sakazu/LELATEAM/lela/lela_ros/install/opencv_pkg/lib/python3.10/site-packages/opencv_pkg/servo_controller.py
/home/sakazu/LELATEAM/lela/lela_ros/install/opencv_pkg/lib/python3.10/site-packages/opencv_pkg/status_text_sender.py
/home/sakazu/LELATEAM/lela/lela_ros/install/opencv_pkg/lib/python3.10/site-packages/opencv_pkg/dropping.py
/home/sakazu/LELATEAM/lela/lela_ros/install/opencv_pkg/lib/python3.10/site-packages/opencv_pkg/__init__.py
/home/sakazu/LELATEAM/lela/lela_ros/install/opencv_pkg/lib/python3.10/site-packages/opencv_pkg/hsv_config.py
/home/sakazu/LELATEAM/lela/lela_ros/install/opencv_pkg/lib/python3.10/site-packages/opencv_pkg/program_warna.py
/home/sakazu/LELATEAM/lela/lela_ros/install/opencv_pkg/lib/python3.10/site-packages/opencv_pkg/deteksi_warna.py
/home/sakazu/LELATEAM/lela/lela_ros/install/opencv_pkg/lib/python3.10/site-packages/opencv_pkg/dummy_vfr.py
/home/sakazu/LELATEAM/lela/lela_ros/install/opencv_pkg/lib/python3.10/site-packages/opencv_pkg/__pycache__/servo_controller.cpython-310.pyc
/home/sakazu/LELATEAM/lela/lela_ros/install/opencv_pkg/lib/python3.10/site-packages/opencv_pkg/__pycache__/status_text_sender.cpython-310.pyc
/home/sakazu/LELATEAM/lela/lela_ros/install/opencv_pkg/lib/python3.10/site-packages/opencv_pkg/__pycache__/dropping.cpython-310.pyc
/home/sakazu/LELATEAM/lela/lela_ros/install/opencv_pkg/lib/python3.10/site-packages/opencv_pkg/__pycache__/__init__.cpython-310.pyc
/home/sakazu/LELATEAM/lela/lela_ros/install/opencv_pkg/lib/python3.10/site-packages/opencv_pkg/__pycache__/hsv_config.cpython-310.pyc
/home/sakazu/LELATEAM/lela/lela_ros/install/opencv_pkg/lib/python3.10/site-packages/opencv_pkg/__pycache__/program_warna.cpython-310.pyc
/home/sakazu/LELATEAM/lela/lela_ros/install/opencv_pkg/lib/python3.10/site-packages/opencv_pkg/__pycache__/deteksi_warna.cpython-310.pyc
/home/sakazu/LELATEAM/lela/lela_ros/install/opencv_pkg/lib/python3.10/site-packages/opencv_pkg/__pycache__/dummy_vfr.cpython-310.pyc
/home/sakazu/LELATEAM/lela/lela_ros/install/opencv_pkg/share/ament_index/resource_index/packages/opencv_pkg
/home/sakazu/LELATEAM/lela/lela_ros/install/opencv_pkg/share/opencv_pkg/package.xml
/home/sakazu/LELATEAM/lela/lela_ros/install/opencv_pkg/share/opencv_pkg/launch
/home/sakazu/LELATEAM/lela/lela_ros/install/opencv_pkg/share/opencv_pkg/launch/main_launch.py
/home/sakazu/LELATEAM/lela/lela_ros/install/opencv_pkg/share/opencv_pkg/launch/test_launch.py
/home/sakazu/LELATEAM/lela/lela_ros/install/opencv_pkg/lib/python3.10/site-packages/opencv_pkg-0.0.0-py3.10.egg-info/zip-safe
/home/sakazu/LELATEAM/lela/lela_ros/install/opencv_pkg/lib/python3.10/site-packages/opencv_pkg-0.0.0-py3.10.egg-info/requires.txt
/home/sakazu/LELATEAM/lela/lela_ros/install/opencv_pkg/lib/python3.10/site-packages/opencv_pkg-0.0.0-py3.10.egg-info/dependency_links.txt
/home/sakazu/LELATEAM/lela/lela_ros/install/opencv_pkg/lib/python3.10/site-packages/opencv_pkg-0.0.0-py3.10.egg-info/entry_points.txt
/home/sakazu/LELATEAM/lela/lela_ros/install/opencv_pkg/lib/python3.10/site-packages/opencv_pkg-0.0.0-py3.10.egg-info/SOURCES.txt
/home/sakazu/LELATEAM/lela/lela_ros/install/opencv_pkg/lib/python3.10/site-packages/opencv_pkg-0.0.0-py3.10.egg-info/top_level.txt
/home/sakazu/LELATEAM/lela/lela_ros/install/opencv_pkg/lib/python3.10/site-packages/opencv_pkg-0.0.0-py3.10.egg-info/PKG-INFO
/home/sakazu/LELATEAM/lela/lela_ros/install/opencv_pkg/lib/opencv_pkg/deteksi_warna
/home/sakazu/LELATEAM/lela/lela_ros/install/opencv_pkg/lib/opencv_pkg/dropping
/home/sakazu/LELATEAM/lela/lela_ros/install/opencv_pkg/lib/opencv_pkg/dummy_vfr
/home/sakazu/LELATEAM/lela/lela_ros/install/opencv_pkg/lib/opencv_pkg/hsv_config
/home/sakazu/LELATEAM/lela/lela_ros/install/opencv_pkg/lib/opencv_pkg/program_warna
/home/sakazu/LELATEAM/lela/lela_ros/install/opencv_pkg/lib/opencv_pkg/servo_controller
/home/sakazu/LELATEAM/lela/lela_ros/install/opencv_pkg/lib/opencv_pkg/status_text_sender
