running egg_info
writing ../../build/opencv_pkg/opencv_pkg.egg-info/PKG-INFO
writing dependency_links to ../../build/opencv_pkg/opencv_pkg.egg-info/dependency_links.txt
writing entry points to ../../build/opencv_pkg/opencv_pkg.egg-info/entry_points.txt
writing requirements to ../../build/opencv_pkg/opencv_pkg.egg-info/requires.txt
writing top-level names to ../../build/opencv_pkg/opencv_pkg.egg-info/top_level.txt
reading manifest file '../../build/opencv_pkg/opencv_pkg.egg-info/SOURCES.txt'
writing manifest file '../../build/opencv_pkg/opencv_pkg.egg-info/SOURCES.txt'
running build
running build_py
copying opencv_pkg/status_text_sender.py -> /home/sakazu/LELATEAM/lela/lela_ros/build/opencv_pkg/build/lib/opencv_pkg
copying opencv_pkg/__init__.py -> /home/sakazu/LELATEAM/lela/lela_ros/build/opencv_pkg/build/lib/opencv_pkg
copying opencv_pkg/hsv_config.py -> /home/sakazu/LELATEAM/lela/lela_ros/build/opencv_pkg/build/lib/opencv_pkg
copying opencv_pkg/program_warna.py -> /home/sakazu/LELATEAM/lela/lela_ros/build/opencv_pkg/build/lib/opencv_pkg
copying opencv_pkg/deteksi_warna.py -> /home/sakazu/LELATEAM/lela/lela_ros/build/opencv_pkg/build/lib/opencv_pkg
running install
running install_lib
running install_data
copying resource/opencv_pkg -> /home/sakazu/LELATEAM/lela/lela_ros/install/opencv_pkg/share/ament_index/resource_index/packages
copying package.xml -> /home/sakazu/LELATEAM/lela/lela_ros/install/opencv_pkg/share/opencv_pkg
copying launch/main_launch.py -> /home/sakazu/LELATEAM/lela/lela_ros/install/opencv_pkg/share/opencv_pkg/launch
copying launch/test_launch.py -> /home/sakazu/LELATEAM/lela/lela_ros/install/opencv_pkg/share/opencv_pkg/launch
running install_egg_info
removing '/home/sakazu/LELATEAM/lela/lela_ros/install/opencv_pkg/lib/python3.10/site-packages/opencv_pkg-0.0.0-py3.10.egg-info' (and everything under it)
Copying ../../build/opencv_pkg/opencv_pkg.egg-info to /home/sakazu/LELATEAM/lela/lela_ros/install/opencv_pkg/lib/python3.10/site-packages/opencv_pkg-0.0.0-py3.10.egg-info
running install_scripts
Installing deteksi_warna script to /home/sakazu/LELATEAM/lela/lela_ros/install/opencv_pkg/lib/opencv_pkg
Installing dropping script to /home/sakazu/LELATEAM/lela/lela_ros/install/opencv_pkg/lib/opencv_pkg
Installing dummy_vfr script to /home/sakazu/LELATEAM/lela/lela_ros/install/opencv_pkg/lib/opencv_pkg
Installing hsv_config script to /home/sakazu/LELATEAM/lela/lela_ros/install/opencv_pkg/lib/opencv_pkg
Installing program_warna script to /home/sakazu/LELATEAM/lela/lela_ros/install/opencv_pkg/lib/opencv_pkg
Installing servo_controller script to /home/sakazu/LELATEAM/lela/lela_ros/install/opencv_pkg/lib/opencv_pkg
Installing status_text_sender script to /home/sakazu/LELATEAM/lela/lela_ros/install/opencv_pkg/lib/opencv_pkg
writing list of installed files to '/home/sakazu/LELATEAM/lela/lela_ros/build/opencv_pkg/install.log'
