[0.355s] Invoking command in '/home/sakazu/LELATEAM/lela/lela_ros/src/opencv_pkg': PYTHONPATH=/home/sakazu/LELATEAM/lela/lela_ros/build/opencv_pkg/prefix_override:/usr/lib/python3/dist-packages/colcon_core/task/python/colcon_distutils_commands:/home/sakazu/LELATEAM/lela/lela_ros/install/opencv_pkg/lib/python3.10/site-packages:${PYTHONPATH} /usr/bin/python3 -W ignore:setup.py install is deprecated -W ignore:easy_install command is deprecated setup.py egg_info --egg-base ../../build/opencv_pkg build --build-base /home/sakazu/LELATEAM/lela/lela_ros/build/opencv_pkg/build install --record /home/sakazu/LELATEAM/lela/lela_ros/build/opencv_pkg/install.log --single-version-externally-managed install_data
[0.435s] /home/sakazu/.local/lib/python3.10/site-packages/setuptools/_distutils/dist.py:289: UserWarning: Unknown distribution option: 'tests_require'
[0.435s]   warnings.warn(msg)
[0.476s] running egg_info
[0.482s] writing ../../build/opencv_pkg/opencv_pkg.egg-info/PKG-INFO
[0.486s] writing dependency_links to ../../build/opencv_pkg/opencv_pkg.egg-info/dependency_links.txt
[0.486s] writing entry points to ../../build/opencv_pkg/opencv_pkg.egg-info/entry_points.txt
[0.487s] writing requirements to ../../build/opencv_pkg/opencv_pkg.egg-info/requires.txt
[0.487s] writing top-level names to ../../build/opencv_pkg/opencv_pkg.egg-info/top_level.txt
[0.502s] reading manifest file '../../build/opencv_pkg/opencv_pkg.egg-info/SOURCES.txt'
[0.503s] writing manifest file '../../build/opencv_pkg/opencv_pkg.egg-info/SOURCES.txt'
[0.503s] running build
[0.503s] running build_py
[0.503s] copying opencv_pkg/status_text_sender.py -> /home/sakazu/LELATEAM/lela/lela_ros/build/opencv_pkg/build/lib/opencv_pkg
[0.504s] copying opencv_pkg/__init__.py -> /home/sakazu/LELATEAM/lela/lela_ros/build/opencv_pkg/build/lib/opencv_pkg
[0.504s] copying opencv_pkg/hsv_config.py -> /home/sakazu/LELATEAM/lela/lela_ros/build/opencv_pkg/build/lib/opencv_pkg
[0.504s] copying opencv_pkg/program_warna.py -> /home/sakazu/LELATEAM/lela/lela_ros/build/opencv_pkg/build/lib/opencv_pkg
[0.505s] copying opencv_pkg/deteksi_warna.py -> /home/sakazu/LELATEAM/lela/lela_ros/build/opencv_pkg/build/lib/opencv_pkg
[0.505s] running install
[0.507s] running install_lib
[0.515s] running install_data
[0.516s] copying resource/opencv_pkg -> /home/sakazu/LELATEAM/lela/lela_ros/install/opencv_pkg/share/ament_index/resource_index/packages
[0.516s] copying package.xml -> /home/sakazu/LELATEAM/lela/lela_ros/install/opencv_pkg/share/opencv_pkg
[0.516s] copying launch/main_launch.py -> /home/sakazu/LELATEAM/lela/lela_ros/install/opencv_pkg/share/opencv_pkg/launch
[0.517s] copying launch/test_launch.py -> /home/sakazu/LELATEAM/lela/lela_ros/install/opencv_pkg/share/opencv_pkg/launch
[0.517s] running install_egg_info
[0.524s] removing '/home/sakazu/LELATEAM/lela/lela_ros/install/opencv_pkg/lib/python3.10/site-packages/opencv_pkg-0.0.0-py3.10.egg-info' (and everything under it)
[0.524s] Copying ../../build/opencv_pkg/opencv_pkg.egg-info to /home/sakazu/LELATEAM/lela/lela_ros/install/opencv_pkg/lib/python3.10/site-packages/opencv_pkg-0.0.0-py3.10.egg-info
[0.525s] running install_scripts
[0.541s] Installing deteksi_warna script to /home/sakazu/LELATEAM/lela/lela_ros/install/opencv_pkg/lib/opencv_pkg
[0.542s] Installing dropping script to /home/sakazu/LELATEAM/lela/lela_ros/install/opencv_pkg/lib/opencv_pkg
[0.543s] Installing dummy_vfr script to /home/sakazu/LELATEAM/lela/lela_ros/install/opencv_pkg/lib/opencv_pkg
[0.543s] Installing hsv_config script to /home/sakazu/LELATEAM/lela/lela_ros/install/opencv_pkg/lib/opencv_pkg
[0.543s] Installing program_warna script to /home/sakazu/LELATEAM/lela/lela_ros/install/opencv_pkg/lib/opencv_pkg
[0.543s] Installing servo_controller script to /home/sakazu/LELATEAM/lela/lela_ros/install/opencv_pkg/lib/opencv_pkg
[0.543s] Installing status_text_sender script to /home/sakazu/LELATEAM/lela/lela_ros/install/opencv_pkg/lib/opencv_pkg
[0.543s] writing list of installed files to '/home/sakazu/LELATEAM/lela/lela_ros/build/opencv_pkg/install.log'
[0.558s] Invoked command in '/home/sakazu/LELATEAM/lela/lela_ros/src/opencv_pkg' returned '0': PYTHONPATH=/home/sakazu/LELATEAM/lela/lela_ros/build/opencv_pkg/prefix_override:/usr/lib/python3/dist-packages/colcon_core/task/python/colcon_distutils_commands:/home/sakazu/LELATEAM/lela/lela_ros/install/opencv_pkg/lib/python3.10/site-packages:${PYTHONPATH} /usr/bin/python3 -W ignore:setup.py install is deprecated -W ignore:easy_install command is deprecated setup.py egg_info --egg-base ../../build/opencv_pkg build --build-base /home/sakazu/LELATEAM/lela/lela_ros/build/opencv_pkg/build install --record /home/sakazu/LELATEAM/lela/lela_ros/build/opencv_pkg/install.log --single-version-externally-managed install_data
