[0.361s] Invoking command in '/home/sakazu/lela/src/opencv_pkg': PYTHONPATH=/home/sakazu/lela/build/opencv_pkg/prefix_override:/usr/lib/python3/dist-packages/colcon_core/task/python/colcon_distutils_commands:/home/sakazu/lela/install/opencv_pkg/lib/python3.10/site-packages:${PYTHONPATH} /usr/bin/python3 -W ignore:setup.py install is deprecated -W ignore:easy_install command is deprecated setup.py egg_info --egg-base ../../build/opencv_pkg build --build-base /home/sakazu/lela/build/opencv_pkg/build install --record /home/sakazu/lela/build/opencv_pkg/install.log --single-version-externally-managed install_data
[0.472s] /home/sakazu/.local/lib/python3.10/site-packages/setuptools/_distutils/dist.py:289: UserWarning: Unknown distribution option: 'tests_require'
[0.472s]   warnings.warn(msg)
[0.523s] running egg_info
[0.530s] writing ../../build/opencv_pkg/opencv_pkg.egg-info/PKG-INFO
[0.530s] writing dependency_links to ../../build/opencv_pkg/opencv_pkg.egg-info/dependency_links.txt
[0.531s] writing entry points to ../../build/opencv_pkg/opencv_pkg.egg-info/entry_points.txt
[0.531s] writing requirements to ../../build/opencv_pkg/opencv_pkg.egg-info/requires.txt
[0.531s] writing top-level names to ../../build/opencv_pkg/opencv_pkg.egg-info/top_level.txt
[0.547s] reading manifest file '../../build/opencv_pkg/opencv_pkg.egg-info/SOURCES.txt'
[0.548s] writing manifest file '../../build/opencv_pkg/opencv_pkg.egg-info/SOURCES.txt'
[0.548s] running build
[0.549s] running build_py
[0.549s] copying opencv_pkg/status_text_sender.py -> /home/sakazu/lela/build/opencv_pkg/build/lib/opencv_pkg
[0.549s] copying opencv_pkg/__init__.py -> /home/sakazu/lela/build/opencv_pkg/build/lib/opencv_pkg
[0.549s] copying opencv_pkg/hsv_config.py -> /home/sakazu/lela/build/opencv_pkg/build/lib/opencv_pkg
[0.549s] copying opencv_pkg/program_warna.py -> /home/sakazu/lela/build/opencv_pkg/build/lib/opencv_pkg
[0.549s] copying opencv_pkg/deteksi_warna.py -> /home/sakazu/lela/build/opencv_pkg/build/lib/opencv_pkg
[0.549s] running install
[0.552s] running install_lib
[0.561s] copying /home/sakazu/lela/build/opencv_pkg/build/lib/opencv_pkg/hsv_config.py -> /home/sakazu/lela/install/opencv_pkg/lib/python3.10/site-packages/opencv_pkg
[0.562s] byte-compiling /home/sakazu/lela/install/opencv_pkg/lib/python3.10/site-packages/opencv_pkg/hsv_config.py to hsv_config.cpython-310.pyc
[0.564s] running install_data
[0.564s] copying resource/opencv_pkg -> /home/sakazu/lela/install/opencv_pkg/share/ament_index/resource_index/packages
[0.564s] copying package.xml -> /home/sakazu/lela/install/opencv_pkg/share/opencv_pkg
[0.564s] running install_egg_info
[0.575s] removing '/home/sakazu/lela/install/opencv_pkg/lib/python3.10/site-packages/opencv_pkg-0.0.0-py3.10.egg-info' (and everything under it)
[0.575s] Copying ../../build/opencv_pkg/opencv_pkg.egg-info to /home/sakazu/lela/install/opencv_pkg/lib/python3.10/site-packages/opencv_pkg-0.0.0-py3.10.egg-info
[0.576s] running install_scripts
[0.598s] Installing deteksi_warna script to /home/sakazu/lela/install/opencv_pkg/lib/opencv_pkg
[0.598s] Installing dropping script to /home/sakazu/lela/install/opencv_pkg/lib/opencv_pkg
[0.598s] Installing dummy_vfr script to /home/sakazu/lela/install/opencv_pkg/lib/opencv_pkg
[0.598s] Installing hsv_config script to /home/sakazu/lela/install/opencv_pkg/lib/opencv_pkg
[0.598s] Installing program_warna script to /home/sakazu/lela/install/opencv_pkg/lib/opencv_pkg
[0.598s] Installing servo_controller script to /home/sakazu/lela/install/opencv_pkg/lib/opencv_pkg
[0.598s] Installing status_text_sender script to /home/sakazu/lela/install/opencv_pkg/lib/opencv_pkg
[0.599s] writing list of installed files to '/home/sakazu/lela/build/opencv_pkg/install.log'
[0.619s] Invoked command in '/home/sakazu/lela/src/opencv_pkg' returned '0': PYTHONPATH=/home/sakazu/lela/build/opencv_pkg/prefix_override:/usr/lib/python3/dist-packages/colcon_core/task/python/colcon_distutils_commands:/home/sakazu/lela/install/opencv_pkg/lib/python3.10/site-packages:${PYTHONPATH} /usr/bin/python3 -W ignore:setup.py install is deprecated -W ignore:easy_install command is deprecated setup.py egg_info --egg-base ../../build/opencv_pkg build --build-base /home/sakazu/lela/build/opencv_pkg/build install --record /home/sakazu/lela/build/opencv_pkg/install.log --single-version-externally-managed install_data
