[0.073s] DEBUG:colcon:Command line arguments: ['/usr/bin/colcon', 'list', '-p', '--base-paths', '/home/sakazu/lela', '--log-base', '/dev/null']
[0.073s] DEBUG:colcon:Parsed command line arguments: Namespace(log_base=None, log_level=None, verb_name='list', build_base='build', ignore_user_meta=False, metas=['./colcon.meta'], base_paths=['/home/sakazu/lela', '--log-base', '/dev/null'], packages_ignore=None, packages_ignore_regex=None, paths=None, packages_up_to=None, packages_up_to_regex=None, packages_above=None, packages_above_and_dependencies=None, packages_above_depth=None, packages_select_by_dep=None, packages_skip_by_dep=None, packages_skip_up_to=None, packages_select_build_failed=False, packages_skip_build_finished=False, packages_select_test_failures=False, packages_skip_test_passed=False, packages_select=None, packages_skip=None, packages_select_regex=None, packages_skip_regex=None, packages_start=None, packages_end=None, allow_overriding=[], topological_order=False, names_only=False, paths_only=True, topological_graph=False, topological_graph_dot=False, topological_graph_density=False, topological_graph_legend=False, topological_graph_dot_cluster=False, topological_graph_dot_include_skipped=False, mixin_files=None, mixin=None, verb_parser=<colcon_mixin.mixin.mixin_argument.MixinArgumentDecorator object at 0x78e7b74943d0>, verb_extension=<colcon_package_information.verb.list.ListVerb object at 0x78e7b7404070>, main=<bound method ListVerb.main of <colcon_package_information.verb.list.ListVerb object at 0x78e7b7404070>>, mixin_verb=('list',))
[0.105s] Level 1:colcon.colcon_core.package_discovery:discover_packages(colcon_meta) check parameters
[0.105s] Level 1:colcon.colcon_core.package_discovery:discover_packages(recursive) check parameters
[0.105s] Level 1:colcon.colcon_core.package_discovery:discover_packages(ignore) check parameters
[0.105s] Level 1:colcon.colcon_core.package_discovery:discover_packages(path) check parameters
[0.105s] Level 1:colcon.colcon_core.package_discovery:discover_packages(recursive) discover
[0.106s] INFO:colcon.colcon_core.package_discovery:Crawling recursively for packages in '/home/sakazu/lela', '/home/sakazu/lela/--log-base', '/dev/null'
[0.106s] Level 1:colcon.colcon_core.package_identification:_identify(/home/sakazu/lela) by extensions ['ignore', 'ignore_ament_install']
[0.106s] Level 1:colcon.colcon_core.package_identification:_identify(/home/sakazu/lela) by extension 'ignore'
[0.106s] Level 1:colcon.colcon_core.package_identification:_identify(/home/sakazu/lela) by extension 'ignore_ament_install'
[0.106s] Level 1:colcon.colcon_core.package_identification:_identify(/home/sakazu/lela) by extensions ['colcon_pkg']
[0.106s] Level 1:colcon.colcon_core.package_identification:_identify(/home/sakazu/lela) by extension 'colcon_pkg'
[0.106s] Level 1:colcon.colcon_core.package_identification:_identify(/home/sakazu/lela) by extensions ['colcon_meta']
[0.106s] Level 1:colcon.colcon_core.package_identification:_identify(/home/sakazu/lela) by extension 'colcon_meta'
[0.106s] Level 1:colcon.colcon_core.package_identification:_identify(/home/sakazu/lela) by extensions ['ros']
[0.106s] Level 1:colcon.colcon_core.package_identification:_identify(/home/sakazu/lela) by extension 'ros'
[0.119s] Level 1:colcon.colcon_core.package_identification:_identify(/home/sakazu/lela) by extensions ['cmake', 'python']
[0.119s] Level 1:colcon.colcon_core.package_identification:_identify(/home/sakazu/lela) by extension 'cmake'
[0.119s] Level 1:colcon.colcon_core.package_identification:_identify(/home/sakazu/lela) by extension 'python'
[0.119s] Level 1:colcon.colcon_core.package_identification:_identify(/home/sakazu/lela) by extensions ['python_setup_py']
[0.119s] Level 1:colcon.colcon_core.package_identification:_identify(/home/sakazu/lela) by extension 'python_setup_py'
[0.119s] Level 1:colcon.colcon_core.package_identification:_identify(/home/sakazu/lela/build) by extensions ['ignore', 'ignore_ament_install']
[0.119s] Level 1:colcon.colcon_core.package_identification:_identify(/home/sakazu/lela/build) by extension 'ignore'
[0.119s] Level 1:colcon.colcon_core.package_identification:_identify(/home/sakazu/lela/build) ignored
[0.119s] Level 1:colcon.colcon_core.package_identification:_identify(/home/sakazu/lela/install) by extensions ['ignore', 'ignore_ament_install']
[0.119s] Level 1:colcon.colcon_core.package_identification:_identify(/home/sakazu/lela/install) by extension 'ignore'
[0.119s] Level 1:colcon.colcon_core.package_identification:_identify(/home/sakazu/lela/install) ignored
[0.119s] Level 1:colcon.colcon_core.package_identification:_identify(/home/sakazu/lela/log) by extensions ['ignore', 'ignore_ament_install']
[0.120s] Level 1:colcon.colcon_core.package_identification:_identify(/home/sakazu/lela/log) by extension 'ignore'
[0.120s] Level 1:colcon.colcon_core.package_identification:_identify(/home/sakazu/lela/log) ignored
[0.120s] Level 1:colcon.colcon_core.package_identification:_identify(/home/sakazu/lela/src) by extensions ['ignore', 'ignore_ament_install']
[0.120s] Level 1:colcon.colcon_core.package_identification:_identify(/home/sakazu/lela/src) by extension 'ignore'
[0.120s] Level 1:colcon.colcon_core.package_identification:_identify(/home/sakazu/lela/src) by extension 'ignore_ament_install'
[0.120s] Level 1:colcon.colcon_core.package_identification:_identify(/home/sakazu/lela/src) by extensions ['colcon_pkg']
[0.120s] Level 1:colcon.colcon_core.package_identification:_identify(/home/sakazu/lela/src) by extension 'colcon_pkg'
[0.120s] Level 1:colcon.colcon_core.package_identification:_identify(/home/sakazu/lela/src) by extensions ['colcon_meta']
[0.120s] Level 1:colcon.colcon_core.package_identification:_identify(/home/sakazu/lela/src) by extension 'colcon_meta'
[0.120s] Level 1:colcon.colcon_core.package_identification:_identify(/home/sakazu/lela/src) by extensions ['ros']
[0.120s] Level 1:colcon.colcon_core.package_identification:_identify(/home/sakazu/lela/src) by extension 'ros'
[0.120s] Level 1:colcon.colcon_core.package_identification:_identify(/home/sakazu/lela/src) by extensions ['cmake', 'python']
[0.120s] Level 1:colcon.colcon_core.package_identification:_identify(/home/sakazu/lela/src) by extension 'cmake'
[0.120s] Level 1:colcon.colcon_core.package_identification:_identify(/home/sakazu/lela/src) by extension 'python'
[0.120s] Level 1:colcon.colcon_core.package_identification:_identify(/home/sakazu/lela/src) by extensions ['python_setup_py']
[0.120s] Level 1:colcon.colcon_core.package_identification:_identify(/home/sakazu/lela/src) by extension 'python_setup_py'
[0.120s] Level 1:colcon.colcon_core.package_identification:_identify(/home/sakazu/lela/src/opencv_pkg) by extensions ['ignore', 'ignore_ament_install']
[0.120s] Level 1:colcon.colcon_core.package_identification:_identify(/home/sakazu/lela/src/opencv_pkg) by extension 'ignore'
[0.120s] Level 1:colcon.colcon_core.package_identification:_identify(/home/sakazu/lela/src/opencv_pkg) by extension 'ignore_ament_install'
[0.120s] Level 1:colcon.colcon_core.package_identification:_identify(/home/sakazu/lela/src/opencv_pkg) by extensions ['colcon_pkg']
[0.120s] Level 1:colcon.colcon_core.package_identification:_identify(/home/sakazu/lela/src/opencv_pkg) by extension 'colcon_pkg'
[0.120s] Level 1:colcon.colcon_core.package_identification:_identify(/home/sakazu/lela/src/opencv_pkg) by extensions ['colcon_meta']
[0.120s] Level 1:colcon.colcon_core.package_identification:_identify(/home/sakazu/lela/src/opencv_pkg) by extension 'colcon_meta'
[0.120s] Level 1:colcon.colcon_core.package_identification:_identify(/home/sakazu/lela/src/opencv_pkg) by extensions ['ros']
[0.120s] Level 1:colcon.colcon_core.package_identification:_identify(/home/sakazu/lela/src/opencv_pkg) by extension 'ros'
[0.123s] DEBUG:colcon.colcon_core.package_identification:Package '/home/sakazu/lela/src/opencv_pkg' with type 'ros.ament_python' and name 'opencv_pkg'
[0.123s] Level 1:colcon.colcon_core.package_discovery:discover_packages(recursive) using defaults
