running egg_info
creating ../../build/opencv_pkg/opencv_pkg.egg-info
writing ../../build/opencv_pkg/opencv_pkg.egg-info/PKG-INFO
writing dependency_links to ../../build/opencv_pkg/opencv_pkg.egg-info/dependency_links.txt
writing entry points to ../../build/opencv_pkg/opencv_pkg.egg-info/entry_points.txt
writing requirements to ../../build/opencv_pkg/opencv_pkg.egg-info/requires.txt
writing top-level names to ../../build/opencv_pkg/opencv_pkg.egg-info/top_level.txt
writing manifest file '../../build/opencv_pkg/opencv_pkg.egg-info/SOURCES.txt'
reading manifest file '../../build/opencv_pkg/opencv_pkg.egg-info/SOURCES.txt'
writing manifest file '../../build/opencv_pkg/opencv_pkg.egg-info/SOURCES.txt'
running build
running build_py
creating /home/sakazu/lela/build/opencv_pkg/build/lib/opencv_pkg
copying opencv_pkg/__init__.py -> /home/sakazu/lela/build/opencv_pkg/build/lib/opencv_pkg
copying opencv_pkg/hsv_config.py -> /home/sakazu/lela/build/opencv_pkg/build/lib/opencv_pkg
copying opencv_pkg/program_warna.py -> /home/sakazu/lela/build/opencv_pkg/build/lib/opencv_pkg
copying opencv_pkg/deteksi_warna.py -> /home/sakazu/lela/build/opencv_pkg/build/lib/opencv_pkg
running install
running install_lib
creating /home/sakazu/lela/install/opencv_pkg/lib/python3.10/site-packages/opencv_pkg
copying /home/sakazu/lela/build/opencv_pkg/build/lib/opencv_pkg/__init__.py -> /home/sakazu/lela/install/opencv_pkg/lib/python3.10/site-packages/opencv_pkg
copying /home/sakazu/lela/build/opencv_pkg/build/lib/opencv_pkg/hsv_config.py -> /home/sakazu/lela/install/opencv_pkg/lib/python3.10/site-packages/opencv_pkg
copying /home/sakazu/lela/build/opencv_pkg/build/lib/opencv_pkg/program_warna.py -> /home/sakazu/lela/install/opencv_pkg/lib/python3.10/site-packages/opencv_pkg
copying /home/sakazu/lela/build/opencv_pkg/build/lib/opencv_pkg/deteksi_warna.py -> /home/sakazu/lela/install/opencv_pkg/lib/python3.10/site-packages/opencv_pkg
byte-compiling /home/sakazu/lela/install/opencv_pkg/lib/python3.10/site-packages/opencv_pkg/__init__.py to __init__.cpython-310.pyc
byte-compiling /home/sakazu/lela/install/opencv_pkg/lib/python3.10/site-packages/opencv_pkg/hsv_config.py to hsv_config.cpython-310.pyc
byte-compiling /home/sakazu/lela/install/opencv_pkg/lib/python3.10/site-packages/opencv_pkg/program_warna.py to program_warna.cpython-310.pyc
byte-compiling /home/sakazu/lela/install/opencv_pkg/lib/python3.10/site-packages/opencv_pkg/deteksi_warna.py to deteksi_warna.cpython-310.pyc
running install_data
creating /home/sakazu/lela/install/opencv_pkg/share/ament_index/resource_index/packages
copying resource/opencv_pkg -> /home/sakazu/lela/install/opencv_pkg/share/ament_index/resource_index/packages
copying package.xml -> /home/sakazu/lela/install/opencv_pkg/share/opencv_pkg
creating /home/sakazu/lela/install/opencv_pkg/share/opencv_pkg/launch
running install_egg_info
Copying ../../build/opencv_pkg/opencv_pkg.egg-info to /home/sakazu/lela/install/opencv_pkg/lib/python3.10/site-packages/opencv_pkg-0.0.0-py3.10.egg-info
running install_scripts
Installing deteksi_warna script to /home/sakazu/lela/install/opencv_pkg/lib/opencv_pkg
Installing program_warna script to /home/sakazu/lela/install/opencv_pkg/lib/opencv_pkg
writing list of installed files to '/home/sakazu/lela/build/opencv_pkg/install.log'
