[0.395s] Invoking command in '/home/sakazu/lela/src/opencv_pkg': PYTHONPATH=/home/sakazu/lela/build/opencv_pkg/prefix_override:/usr/lib/python3/dist-packages/colcon_core/task/python/colcon_distutils_commands:/home/sakazu/lela/install/opencv_pkg/lib/python3.10/site-packages:${PYTHONPATH} /usr/bin/python3 -W ignore:setup.py install is deprecated -W ignore:easy_install command is deprecated setup.py egg_info --egg-base ../../build/opencv_pkg build --build-base /home/sakazu/lela/build/opencv_pkg/build install --record /home/sakazu/lela/build/opencv_pkg/install.log --single-version-externally-managed install_data
[0.489s] /home/sakazu/.local/lib/python3.10/site-packages/setuptools/_distutils/dist.py:289: UserWarning: Unknown distribution option: 'tests_require'
[0.489s]   warnings.warn(msg)
[0.532s] running egg_info
[0.538s] creating ../../build/opencv_pkg/opencv_pkg.egg-info
[0.539s] writing ../../build/opencv_pkg/opencv_pkg.egg-info/PKG-INFO
[0.539s] writing dependency_links to ../../build/opencv_pkg/opencv_pkg.egg-info/dependency_links.txt
[0.539s] writing entry points to ../../build/opencv_pkg/opencv_pkg.egg-info/entry_points.txt
[0.539s] writing requirements to ../../build/opencv_pkg/opencv_pkg.egg-info/requires.txt
[0.539s] writing top-level names to ../../build/opencv_pkg/opencv_pkg.egg-info/top_level.txt
[0.539s] writing manifest file '../../build/opencv_pkg/opencv_pkg.egg-info/SOURCES.txt'
[0.554s] reading manifest file '../../build/opencv_pkg/opencv_pkg.egg-info/SOURCES.txt'
[0.555s] writing manifest file '../../build/opencv_pkg/opencv_pkg.egg-info/SOURCES.txt'
[0.555s] running build
[0.555s] running build_py
[0.555s] creating /home/sakazu/lela/build/opencv_pkg/build/lib/opencv_pkg
[0.555s] copying opencv_pkg/__init__.py -> /home/sakazu/lela/build/opencv_pkg/build/lib/opencv_pkg
[0.555s] copying opencv_pkg/hsv_config.py -> /home/sakazu/lela/build/opencv_pkg/build/lib/opencv_pkg
[0.555s] copying opencv_pkg/program_warna.py -> /home/sakazu/lela/build/opencv_pkg/build/lib/opencv_pkg
[0.555s] copying opencv_pkg/deteksi_warna.py -> /home/sakazu/lela/build/opencv_pkg/build/lib/opencv_pkg
[0.555s] running install
[0.558s] running install_lib
[0.565s] creating /home/sakazu/lela/install/opencv_pkg/lib/python3.10/site-packages/opencv_pkg
[0.565s] copying /home/sakazu/lela/build/opencv_pkg/build/lib/opencv_pkg/__init__.py -> /home/sakazu/lela/install/opencv_pkg/lib/python3.10/site-packages/opencv_pkg
[0.565s] copying /home/sakazu/lela/build/opencv_pkg/build/lib/opencv_pkg/hsv_config.py -> /home/sakazu/lela/install/opencv_pkg/lib/python3.10/site-packages/opencv_pkg
[0.565s] copying /home/sakazu/lela/build/opencv_pkg/build/lib/opencv_pkg/program_warna.py -> /home/sakazu/lela/install/opencv_pkg/lib/python3.10/site-packages/opencv_pkg
[0.565s] copying /home/sakazu/lela/build/opencv_pkg/build/lib/opencv_pkg/deteksi_warna.py -> /home/sakazu/lela/install/opencv_pkg/lib/python3.10/site-packages/opencv_pkg
[0.565s] byte-compiling /home/sakazu/lela/install/opencv_pkg/lib/python3.10/site-packages/opencv_pkg/__init__.py to __init__.cpython-310.pyc
[0.565s] byte-compiling /home/sakazu/lela/install/opencv_pkg/lib/python3.10/site-packages/opencv_pkg/hsv_config.py to hsv_config.cpython-310.pyc
[0.566s] byte-compiling /home/sakazu/lela/install/opencv_pkg/lib/python3.10/site-packages/opencv_pkg/program_warna.py to program_warna.cpython-310.pyc
[0.567s] byte-compiling /home/sakazu/lela/install/opencv_pkg/lib/python3.10/site-packages/opencv_pkg/deteksi_warna.py to deteksi_warna.cpython-310.pyc
[0.567s] running install_data
[0.567s] creating /home/sakazu/lela/install/opencv_pkg/share/ament_index/resource_index/packages
[0.567s] copying resource/opencv_pkg -> /home/sakazu/lela/install/opencv_pkg/share/ament_index/resource_index/packages
[0.567s] copying package.xml -> /home/sakazu/lela/install/opencv_pkg/share/opencv_pkg
[0.567s] creating /home/sakazu/lela/install/opencv_pkg/share/opencv_pkg/launch
[0.567s] running install_egg_info
[0.575s] Copying ../../build/opencv_pkg/opencv_pkg.egg-info to /home/sakazu/lela/install/opencv_pkg/lib/python3.10/site-packages/opencv_pkg-0.0.0-py3.10.egg-info
[0.575s] running install_scripts
[0.590s] Installing deteksi_warna script to /home/sakazu/lela/install/opencv_pkg/lib/opencv_pkg
[0.590s] Installing program_warna script to /home/sakazu/lela/install/opencv_pkg/lib/opencv_pkg
[0.590s] writing list of installed files to '/home/sakazu/lela/build/opencv_pkg/install.log'
[0.617s] Invoked command in '/home/sakazu/lela/src/opencv_pkg' returned '0': PYTHONPATH=/home/sakazu/lela/build/opencv_pkg/prefix_override:/usr/lib/python3/dist-packages/colcon_core/task/python/colcon_distutils_commands:/home/sakazu/lela/install/opencv_pkg/lib/python3.10/site-packages:${PYTHONPATH} /usr/bin/python3 -W ignore:setup.py install is deprecated -W ignore:easy_install command is deprecated setup.py egg_info --egg-base ../../build/opencv_pkg build --build-base /home/sakazu/lela/build/opencv_pkg/build install --record /home/sakazu/lela/build/opencv_pkg/install.log --single-version-externally-managed install_data
