[0.407s] Invoking command in '/home/sakazu/lela/src/opencv_pkg': PYTHONPATH=/home/sakazu/lela/build/opencv_pkg/prefix_override:/usr/lib/python3/dist-packages/colcon_core/task/python/colcon_distutils_commands:/home/sakazu/lela/install/opencv_pkg/lib/python3.10/site-packages:${PYTHONPATH} /usr/bin/python3 -W ignore:setup.py install is deprecated -W ignore:easy_install command is deprecated setup.py egg_info --egg-base ../../build/opencv_pkg build --build-base /home/sakazu/lela/build/opencv_pkg/build install --record /home/sakazu/lela/build/opencv_pkg/install.log --single-version-externally-managed install_data
[0.491s] /home/sakazu/.local/lib/python3.10/site-packages/setuptools/_distutils/dist.py:289: UserWarning: Unknown distribution option: 'tests_require'
[0.492s]   warnings.warn(msg)
[0.534s] running egg_info
[0.541s] writing ../../build/opencv_pkg/opencv_pkg.egg-info/PKG-INFO
[0.544s] writing dependency_links to ../../build/opencv_pkg/opencv_pkg.egg-info/dependency_links.txt
[0.545s] writing entry points to ../../build/opencv_pkg/opencv_pkg.egg-info/entry_points.txt
[0.545s] writing requirements to ../../build/opencv_pkg/opencv_pkg.egg-info/requires.txt
[0.545s] writing top-level names to ../../build/opencv_pkg/opencv_pkg.egg-info/top_level.txt
[0.560s] reading manifest file '../../build/opencv_pkg/opencv_pkg.egg-info/SOURCES.txt'
[0.561s] writing manifest file '../../build/opencv_pkg/opencv_pkg.egg-info/SOURCES.txt'
[0.561s] running build
[0.561s] running build_py
[0.562s] copying opencv_pkg/servo_controller.py -> /home/sakazu/lela/build/opencv_pkg/build/lib/opencv_pkg
[0.562s] copying opencv_pkg/status_text_sender.py -> /home/sakazu/lela/build/opencv_pkg/build/lib/opencv_pkg
[0.562s] copying opencv_pkg/dropping.py -> /home/sakazu/lela/build/opencv_pkg/build/lib/opencv_pkg
[0.562s] copying opencv_pkg/__init__.py -> /home/sakazu/lela/build/opencv_pkg/build/lib/opencv_pkg
[0.562s] copying opencv_pkg/hsv_config.py -> /home/sakazu/lela/build/opencv_pkg/build/lib/opencv_pkg
[0.563s] copying opencv_pkg/program_warna.py -> /home/sakazu/lela/build/opencv_pkg/build/lib/opencv_pkg
[0.563s] copying opencv_pkg/deteksi_warna.py -> /home/sakazu/lela/build/opencv_pkg/build/lib/opencv_pkg
[0.563s] copying opencv_pkg/dummy_vfr.py -> /home/sakazu/lela/build/opencv_pkg/build/lib/opencv_pkg
[0.563s] running install
[0.565s] running install_lib
[0.573s] copying /home/sakazu/lela/build/opencv_pkg/build/lib/opencv_pkg/servo_controller.py -> /home/sakazu/lela/install/opencv_pkg/lib/python3.10/site-packages/opencv_pkg
[0.573s] copying /home/sakazu/lela/build/opencv_pkg/build/lib/opencv_pkg/status_text_sender.py -> /home/sakazu/lela/install/opencv_pkg/lib/python3.10/site-packages/opencv_pkg
[0.573s] copying /home/sakazu/lela/build/opencv_pkg/build/lib/opencv_pkg/dropping.py -> /home/sakazu/lela/install/opencv_pkg/lib/python3.10/site-packages/opencv_pkg
[0.573s] copying /home/sakazu/lela/build/opencv_pkg/build/lib/opencv_pkg/hsv_config.py -> /home/sakazu/lela/install/opencv_pkg/lib/python3.10/site-packages/opencv_pkg
[0.573s] copying /home/sakazu/lela/build/opencv_pkg/build/lib/opencv_pkg/program_warna.py -> /home/sakazu/lela/install/opencv_pkg/lib/python3.10/site-packages/opencv_pkg
[0.573s] copying /home/sakazu/lela/build/opencv_pkg/build/lib/opencv_pkg/dummy_vfr.py -> /home/sakazu/lela/install/opencv_pkg/lib/python3.10/site-packages/opencv_pkg
[0.573s] byte-compiling /home/sakazu/lela/install/opencv_pkg/lib/python3.10/site-packages/opencv_pkg/servo_controller.py to servo_controller.cpython-310.pyc
[0.574s] byte-compiling /home/sakazu/lela/install/opencv_pkg/lib/python3.10/site-packages/opencv_pkg/status_text_sender.py to status_text_sender.cpython-310.pyc
[0.574s] byte-compiling /home/sakazu/lela/install/opencv_pkg/lib/python3.10/site-packages/opencv_pkg/dropping.py to dropping.cpython-310.pyc
[0.575s] byte-compiling /home/sakazu/lela/install/opencv_pkg/lib/python3.10/site-packages/opencv_pkg/hsv_config.py to hsv_config.cpython-310.pyc
[0.575s] byte-compiling /home/sakazu/lela/install/opencv_pkg/lib/python3.10/site-packages/opencv_pkg/program_warna.py to program_warna.cpython-310.pyc
[0.576s] byte-compiling /home/sakazu/lela/install/opencv_pkg/lib/python3.10/site-packages/opencv_pkg/dummy_vfr.py to dummy_vfr.cpython-310.pyc
[0.576s] running install_data
[0.577s] copying resource/opencv_pkg -> /home/sakazu/lela/install/opencv_pkg/share/ament_index/resource_index/packages
[0.577s] copying package.xml -> /home/sakazu/lela/install/opencv_pkg/share/opencv_pkg
[0.577s] running install_egg_info
[0.585s] removing '/home/sakazu/lela/install/opencv_pkg/lib/python3.10/site-packages/opencv_pkg-0.0.0-py3.10.egg-info' (and everything under it)
[0.585s] Copying ../../build/opencv_pkg/opencv_pkg.egg-info to /home/sakazu/lela/install/opencv_pkg/lib/python3.10/site-packages/opencv_pkg-0.0.0-py3.10.egg-info
[0.586s] running install_scripts
[0.601s] Installing deteksi_warna script to /home/sakazu/lela/install/opencv_pkg/lib/opencv_pkg
[0.601s] Installing dropping script to /home/sakazu/lela/install/opencv_pkg/lib/opencv_pkg
[0.602s] Installing dummy_vfr script to /home/sakazu/lela/install/opencv_pkg/lib/opencv_pkg
[0.602s] Installing hsv_config script to /home/sakazu/lela/install/opencv_pkg/lib/opencv_pkg
[0.602s] Installing program_warna script to /home/sakazu/lela/install/opencv_pkg/lib/opencv_pkg
[0.602s] Installing servo_controller script to /home/sakazu/lela/install/opencv_pkg/lib/opencv_pkg
[0.602s] Installing status_text_sender script to /home/sakazu/lela/install/opencv_pkg/lib/opencv_pkg
[0.602s] writing list of installed files to '/home/sakazu/lela/build/opencv_pkg/install.log'
[0.633s] Invoked command in '/home/sakazu/lela/src/opencv_pkg' returned '0': PYTHONPATH=/home/sakazu/lela/build/opencv_pkg/prefix_override:/usr/lib/python3/dist-packages/colcon_core/task/python/colcon_distutils_commands:/home/sakazu/lela/install/opencv_pkg/lib/python3.10/site-packages:${PYTHONPATH} /usr/bin/python3 -W ignore:setup.py install is deprecated -W ignore:easy_install command is deprecated setup.py egg_info --egg-base ../../build/opencv_pkg build --build-base /home/sakazu/lela/build/opencv_pkg/build install --record /home/sakazu/lela/build/opencv_pkg/install.log --single-version-externally-managed install_data
