[0.330s] Invoking command in '/home/sakazu/lela/src/opencv_pkg': PYTHONPATH=/home/sakazu/lela/build/opencv_pkg/prefix_override:/usr/lib/python3/dist-packages/colcon_core/task/python/colcon_distutils_commands:/home/sakazu/lela/install/opencv_pkg/lib/python3.10/site-packages:${PYTHONPATH} /usr/bin/python3 -W ignore:setup.py install is deprecated -W ignore:easy_install command is deprecated setup.py egg_info --egg-base ../../build/opencv_pkg build --build-base /home/sakazu/lela/build/opencv_pkg/build install --record /home/sakazu/lela/build/opencv_pkg/install.log --single-version-externally-managed install_data
[0.407s] /home/sakazu/.local/lib/python3.10/site-packages/setuptools/_distutils/dist.py:289: UserWarning: Unknown distribution option: 'tests_require'
[0.408s]   warnings.warn(msg)
[0.450s] running egg_info
[0.457s] writing ../../build/opencv_pkg/opencv_pkg.egg-info/PKG-INFO
[0.457s] writing dependency_links to ../../build/opencv_pkg/opencv_pkg.egg-info/dependency_links.txt
[0.458s] writing entry points to ../../build/opencv_pkg/opencv_pkg.egg-info/entry_points.txt
[0.458s] writing requirements to ../../build/opencv_pkg/opencv_pkg.egg-info/requires.txt
[0.458s] writing top-level names to ../../build/opencv_pkg/opencv_pkg.egg-info/top_level.txt
[0.473s] reading manifest file '../../build/opencv_pkg/opencv_pkg.egg-info/SOURCES.txt'
[0.473s] writing manifest file '../../build/opencv_pkg/opencv_pkg.egg-info/SOURCES.txt'
[0.474s] running build
[0.474s] running build_py
[0.474s] copying opencv_pkg/status_text_sender.py -> /home/sakazu/lela/build/opencv_pkg/build/lib/opencv_pkg
[0.474s] copying opencv_pkg/__init__.py -> /home/sakazu/lela/build/opencv_pkg/build/lib/opencv_pkg
[0.474s] copying opencv_pkg/hsv_config.py -> /home/sakazu/lela/build/opencv_pkg/build/lib/opencv_pkg
[0.474s] copying opencv_pkg/program_warna.py -> /home/sakazu/lela/build/opencv_pkg/build/lib/opencv_pkg
[0.474s] copying opencv_pkg/deteksi_warna.py -> /home/sakazu/lela/build/opencv_pkg/build/lib/opencv_pkg
[0.475s] running install
[0.477s] running install_lib
[0.484s] running install_data
[0.484s] copying resource/opencv_pkg -> /home/sakazu/lela/install/opencv_pkg/share/ament_index/resource_index/packages
[0.485s] copying package.xml -> /home/sakazu/lela/install/opencv_pkg/share/opencv_pkg
[0.485s] running install_egg_info
[0.492s] removing '/home/sakazu/lela/install/opencv_pkg/lib/python3.10/site-packages/opencv_pkg-0.0.0-py3.10.egg-info' (and everything under it)
[0.492s] Copying ../../build/opencv_pkg/opencv_pkg.egg-info to /home/sakazu/lela/install/opencv_pkg/lib/python3.10/site-packages/opencv_pkg-0.0.0-py3.10.egg-info
[0.493s] running install_scripts
[0.507s] Installing deteksi_warna script to /home/sakazu/lela/install/opencv_pkg/lib/opencv_pkg
[0.507s] Installing dropping script to /home/sakazu/lela/install/opencv_pkg/lib/opencv_pkg
[0.507s] Installing dummy_vfr script to /home/sakazu/lela/install/opencv_pkg/lib/opencv_pkg
[0.507s] Installing hsv_config script to /home/sakazu/lela/install/opencv_pkg/lib/opencv_pkg
[0.507s] Installing program_warna script to /home/sakazu/lela/install/opencv_pkg/lib/opencv_pkg
[0.508s] Installing servo_controller script to /home/sakazu/lela/install/opencv_pkg/lib/opencv_pkg
[0.508s] Installing status_text_sender script to /home/sakazu/lela/install/opencv_pkg/lib/opencv_pkg
[0.508s] writing list of installed files to '/home/sakazu/lela/build/opencv_pkg/install.log'
[0.525s] Invoked command in '/home/sakazu/lela/src/opencv_pkg' returned '0': PYTHONPATH=/home/sakazu/lela/build/opencv_pkg/prefix_override:/usr/lib/python3/dist-packages/colcon_core/task/python/colcon_distutils_commands:/home/sakazu/lela/install/opencv_pkg/lib/python3.10/site-packages:${PYTHONPATH} /usr/bin/python3 -W ignore:setup.py install is deprecated -W ignore:easy_install command is deprecated setup.py egg_info --egg-base ../../build/opencv_pkg build --build-base /home/sakazu/lela/build/opencv_pkg/build install --record /home/sakazu/lela/build/opencv_pkg/install.log --single-version-externally-managed install_data
